<?xml version="1.0" encoding="UTF-8"?>
<testsuite name="checkmate.moves.AttackMapTest" tests="12" skipped="0" failures="0" errors="0" timestamp="2025-01-26T09:42:23" hostname="MacBook-Pro.fritz.box" time="0.031">
  <properties/>
  <testcase name="white pawn has correct attack map()" classname="checkmate.moves.AttackMapTest" time="0.014"/>
  <testcase name="black pawn has correct attack map()" classname="checkmate.moves.AttackMapTest" time="0.0"/>
  <testcase name="white bishop has correct attack map()" classname="checkmate.moves.AttackMapTest" time="0.007"/>
  <testcase name="white queen has correct attack map()" classname="checkmate.moves.AttackMapTest" time="0.001"/>
  <testcase name="black bishop has correct attack map()" classname="checkmate.moves.AttackMapTest" time="0.0"/>
  <testcase name="white king has correct attack map()" classname="checkmate.moves.AttackMapTest" time="0.001"/>
  <testcase name="white rook has correct attack map()" classname="checkmate.moves.AttackMapTest" time="0.001"/>
  <testcase name="black king has correct attack map()" classname="checkmate.moves.AttackMapTest" time="0.0"/>
  <testcase name="black rook has correct attack map()" classname="checkmate.moves.AttackMapTest" time="0.0"/>
  <testcase name="white knight has correct attack map()" classname="checkmate.moves.AttackMapTest" time="0.002"/>
  <testcase name="black knight has correct attack map()" classname="checkmate.moves.AttackMapTest" time="0.0"/>
  <testcase name="black queen has correct attack map()" classname="checkmate.moves.AttackMapTest" time="0.001"/>
  <system-out><![CDATA[]]></system-out>
  <system-err><![CDATA[]]></system-err>
</testsuite>
