<?xml version="1.0" encoding="UTF-8"?>
<testsuite name="checkmate.ConversionTest" tests="4" skipped="0" failures="0" errors="0" timestamp="2025-01-26T09:50:44" hostname="MacBook-Pro.fritz.box" time="0.019">
  <properties/>
  <testcase name="transformation from initial GameState to BitmapGameState and back to GameState should be correct()" classname="checkmate.ConversionTest" time="0.014"/>
  <testcase name="transformation from mofified GameState to BitmapGameState and back to GameState should be correct()" classname="checkmate.ConversionTest" time="0.001"/>
  <testcase name="generateInitialState should return a chess board with initial setup()" classname="checkmate.ConversionTest" time="0.0"/>
  <testcase name="transformation from mofified GameState to BitmapGameState and back to GameState should be correct with no en passant target()" classname="checkmate.ConversionTest" time="0.002"/>
  <system-out><![CDATA[]]></system-out>
  <system-err><![CDATA[]]></system-err>
</testsuite>
