<?xml version="1.0" encoding="UTF-8"?>
<testsuite name="checkmate.moves.pseudolegal.QueenPseudoLegalMovesTest" tests="5" skipped="0" failures="0" errors="0" timestamp="2025-01-26T09:50:44" hostname="MacBook-Pro.fritz.box" time="0.004">
  <properties/>
  <testcase name="queen should not move when blocked from all sides by own pieces()" classname="checkmate.moves.pseudolegal.QueenPseudoLegalMovesTest" time="0.001"/>
  <testcase name="white queen should be able to perform expected moves()" classname="checkmate.moves.pseudolegal.QueenPseudoLegalMovesTest" time="0.0"/>
  <testcase name="black queen should be able to perform expected moves()" classname="checkmate.moves.pseudolegal.QueenPseudoLegalMovesTest" time="0.0"/>
  <testcase name="black queen should not move through own or opponent pieces()" classname="checkmate.moves.pseudolegal.QueenPseudoLegalMovesTest" time="0.0"/>
  <testcase name="white queen should not move through own or opponent pieces()" classname="checkmate.moves.pseudolegal.QueenPseudoLegalMovesTest" time="0.001"/>
  <system-out><![CDATA[]]></system-out>
  <system-err><![CDATA[]]></system-err>
</testsuite>
