<?xml version="1.0" encoding="UTF-8"?>
<testsuite name="checkmate.moves.pseudolegal.RookPseudoLegalMovesTest" tests="5" skipped="0" failures="0" errors="0" timestamp="2025-01-26T09:42:24" hostname="MacBook-Pro.fritz.box" time="0.002">
  <properties/>
  <testcase name="black rook should not move through own or opponent pieces()" classname="checkmate.moves.pseudolegal.RookPseudoLegalMovesTest" time="0.0"/>
  <testcase name="rook should not move when blocked from all sides from own pieces()" classname="checkmate.moves.pseudolegal.RookPseudoLegalMovesTest" time="0.0"/>
  <testcase name="white rook should be able to perform expected moves()" classname="checkmate.moves.pseudolegal.RookPseudoLegalMovesTest" time="0.0"/>
  <testcase name="black rook should be able to perform expected moves()" classname="checkmate.moves.pseudolegal.RookPseudoLegalMovesTest" time="0.0"/>
  <testcase name="white rook should not move through own or opponent pieces()" classname="checkmate.moves.pseudolegal.RookPseudoLegalMovesTest" time="0.001"/>
  <system-out><![CDATA[]]></system-out>
  <system-err><![CDATA[]]></system-err>
</testsuite>
