<?xml version="1.0" encoding="UTF-8"?>
<testsuite name="checkmate.moves.pseudolegal.KingPseudoLegalMovesTest" tests="3" skipped="0" failures="0" errors="0" timestamp="2025-01-26T09:50:44" hostname="MacBook-Pro.fritz.box" time="0.001">
  <properties/>
  <testcase name="white king should be able to perform expected moves()" classname="checkmate.moves.pseudolegal.KingPseudoLegalMovesTest" time="0.0"/>
  <testcase name="king should not move when blocked from all sides by own pieces()" classname="checkmate.moves.pseudolegal.KingPseudoLegalMovesTest" time="0.0"/>
  <testcase name="black king should be able to perform expected moves()" classname="checkmate.moves.pseudolegal.KingPseudoLegalMovesTest" time="0.001"/>
  <system-out><![CDATA[]]></system-out>
  <system-err><![CDATA[]]></system-err>
</testsuite>
