<?xml version="1.0" encoding="UTF-8"?>
<testsuite name="checkmate.moves.CheckmateTest" tests="12" skipped="0" failures="0" errors="0" timestamp="2025-01-26T09:50:44" hostname="MacBook-Pro.fritz.box" time="0.018">
  <properties/>
  <testcase name="white is not checkmate in initial setup()" classname="checkmate.moves.CheckmateTest" time="0.003"/>
  <testcase name="checkmate returns false if black can free itself by blocking path()" classname="checkmate.moves.CheckmateTest" time="0.001"/>
  <testcase name="black is not checkmate in initial setup()" classname="checkmate.moves.CheckmateTest" time="0.0"/>
  <testcase name="checkmate returns false if black can free itself by capturing()" classname="checkmate.moves.CheckmateTest" time="0.001"/>
  <testcase name="checkmate returns false if black can free itself from check by moving king()" classname="checkmate.moves.CheckmateTest" time="0.002"/>
  <testcase name="checkmate returns true if white is checkmate()" classname="checkmate.moves.CheckmateTest" time="0.0"/>
  <testcase name="checkmate returns false if white king is not in check()" classname="checkmate.moves.CheckmateTest" time="0.0"/>
  <testcase name="checkmate returns false if white can free itself from check by moving king()" classname="checkmate.moves.CheckmateTest" time="0.0"/>
  <testcase name="checkmate returns false if black king is not in check()" classname="checkmate.moves.CheckmateTest" time="0.0"/>
  <testcase name="checkmate returns false if white can free itself by blocking path()" classname="checkmate.moves.CheckmateTest" time="0.003"/>
  <testcase name="checkmate returns false if white can free itself by capturing()" classname="checkmate.moves.CheckmateTest" time="0.001"/>
  <testcase name="checkmate returns true if black is checkmate()" classname="checkmate.moves.CheckmateTest" time="0.001"/>
  <system-out><![CDATA[]]></system-out>
  <system-err><![CDATA[]]></system-err>
</testsuite>
